
=== Fri Apr 22 15:28:15 2022

Packages were changed.
Update Mode: updateDependencies

The following packages were added:
  com.unity.ide.visualstudio@2.0.12
The following packages were updated:
  com.unity.collab-proxy from version 1.2.16 to 1.15.4
  com.unity.ide.rider from version 1.1.4 to 2.0.7
  com.unity.ide.vscode from version 1.1.4 to 1.2.4
  com.unity.test-framework from version 1.1.11 to 1.1.29
  com.unity.textmeshpro from version 2.0.1 to 3.0.6
  com.unity.timeline from version 1.2.13 to 1.4.8

=== Fri May 19 15:47:50 2023

Packages were changed.
Update Mode: mergeDefaultDependencies

The following packages were added:
  com.unity.2d.sprite@1.0.0
  com.unity.2d.tilemap@1.0.0
  com.unity.ads@2.0.8
  com.unity.analytics@3.3.5
  com.unity.multiplayer-hlapi@1.0.4
  com.unity.postprocessing@2.3.0
  com.unity.purchasing@2.0.6
  com.unity.xr.legacyinputhelpers@2.0.2
The following packages were updated:
  com.unity.ide.vscode from version 1.1.4 to 1.2.1
  com.unity.test-framework from version 1.1.11 to 1.1.14
  com.unity.timeline from version 1.2.13 to 1.2.14
